<?xml version="1.0" encoding="UTF-8"?>
<testsuite name="com.metacoding.spring_elasticsearch.SpringElasticsearchApplicationTests" tests="1" skipped="0" failures="0" errors="0" timestamp="2025-12-10T03:57:01.693Z" hostname="nomadeulaeb-ui-MacBookPro.local" time="0.263">
  <properties/>
  <testcase name="contextLoads()" classname="com.metacoding.spring_elasticsearch.SpringElasticsearchApplicationTests" time="0.263"/>
  <system-out><![CDATA[12:56:59.651 [Test worker] INFO org.springframework.test.context.support.AnnotationConfigContextLoaderUtils -- Could not detect default configuration classes for test class [com.metacoding.spring_elasticsearch.SpringElasticsearchApplicationTests]: SpringElasticsearchApplicationTests does not declare any static, non-private, non-final, nested classes annotated with @Configuration.
12:56:59.702 [Test worker] INFO org.springframework.boot.test.context.SpringBootTestContextBootstrapper -- Found @SpringBootConfiguration com.metacoding.spring_elasticsearch.SpringElasticsearchApplication for test class com.metacoding.spring_elasticsearch.SpringElasticsearchApplicationTests

  .   ____          _            __ _ _
 /\\ / ___'_ __ _ _(_)_ __  __ _ \ \ \ \
( ( )\___ | '_ | '_| | '_ \/ _` | \ \ \ \
 \\/  ___)| |_)| | | | | || (_| |  ) ) ) )
  '  |____| .__|_| |_|_| |_\__, | / / / /
 =========|_|==============|___/=/_/_/_/

 :: Spring Boot ::                (v3.5.8)

2025-12-10T12:56:59.891+09:00  INFO 12002 --- [spring-elasticsearch] [    Test worker] .m.s.SpringElasticsearchApplicationTests : Starting SpringElasticsearchApplicationTests using Java 21.0.9 with PID 12002 (started by nomadlab in /Users/nomadlab/Desktop/workspace/coding-study/spring-elasticsearch)
2025-12-10T12:56:59.892+09:00  INFO 12002 --- [spring-elasticsearch] [    Test worker] .m.s.SpringElasticsearchApplicationTests : No active profile set, falling back to 1 default profile: "default"
2025-12-10T12:57:00.195+09:00  INFO 12002 --- [spring-elasticsearch] [    Test worker] .s.d.r.c.RepositoryConfigurationDelegate : Multiple Spring Data modules found, entering strict repository configuration mode
2025-12-10T12:57:00.196+09:00  INFO 12002 --- [spring-elasticsearch] [    Test worker] .s.d.r.c.RepositoryConfigurationDelegate : Bootstrapping Spring Data Elasticsearch repositories in DEFAULT mode.
2025-12-10T12:57:00.209+09:00  INFO 12002 --- [spring-elasticsearch] [    Test worker] .RepositoryConfigurationExtensionSupport : Spring Data Elasticsearch - Could not safely identify store assignment for repository candidate interface com.metacoding.spring_elasticsearch.device.DeviceJpaRepository; If you want this repository to be a Elasticsearch repository, consider annotating your entities with one of these annotations: org.springframework.data.elasticsearch.annotations.Document (preferred), or consider extending one of the following types with your repository: org.springframework.data.elasticsearch.repository.ElasticsearchRepository
2025-12-10T12:57:00.221+09:00  INFO 12002 --- [spring-elasticsearch] [    Test worker] .s.d.r.c.RepositoryConfigurationDelegate : Finished Spring Data repository scanning in 22 ms. Found 1 Elasticsearch repository interface.
2025-12-10T12:57:00.228+09:00  INFO 12002 --- [spring-elasticsearch] [    Test worker] .s.d.r.c.RepositoryConfigurationDelegate : Multiple Spring Data modules found, entering strict repository configuration mode
2025-12-10T12:57:00.228+09:00  INFO 12002 --- [spring-elasticsearch] [    Test worker] .s.d.r.c.RepositoryConfigurationDelegate : Bootstrapping Spring Data JPA repositories in DEFAULT mode.
2025-12-10T12:57:00.233+09:00  INFO 12002 --- [spring-elasticsearch] [    Test worker] .RepositoryConfigurationExtensionSupport : Spring Data JPA - Could not safely identify store assignment for repository candidate interface com.metacoding.spring_elasticsearch.device.DeviceSearchRepository; If you want this repository to be a JPA repository, consider annotating your entities with one of these annotations: jakarta.persistence.Entity, jakarta.persistence.MappedSuperclass (preferred), or consider extending one of the following types with your repository: org.springframework.data.jpa.repository.JpaRepository
2025-12-10T12:57:00.235+09:00  INFO 12002 --- [spring-elasticsearch] [    Test worker] .s.d.r.c.RepositoryConfigurationDelegate : Finished Spring Data repository scanning in 4 ms. Found 1 JPA repository interface.
2025-12-10T12:57:00.450+09:00  INFO 12002 --- [spring-elasticsearch] [    Test worker] o.hibernate.jpa.internal.util.LogHelper  : HHH000204: Processing PersistenceUnitInfo [name: default]
2025-12-10T12:57:00.472+09:00  INFO 12002 --- [spring-elasticsearch] [    Test worker] org.hibernate.Version                    : HHH000412: Hibernate ORM core version 6.6.36.Final
2025-12-10T12:57:00.486+09:00  INFO 12002 --- [spring-elasticsearch] [    Test worker] o.h.c.internal.RegionFactoryInitiator    : HHH000026: Second-level cache disabled
2025-12-10T12:57:00.613+09:00  INFO 12002 --- [spring-elasticsearch] [    Test worker] o.s.o.j.p.SpringPersistenceUnitInfo      : No LoadTimeWeaver setup: ignoring JPA class transformer
2025-12-10T12:57:00.628+09:00  INFO 12002 --- [spring-elasticsearch] [    Test worker] com.zaxxer.hikari.HikariDataSource       : HikariPool-1 - Starting...
2025-12-10T12:57:00.713+09:00  INFO 12002 --- [spring-elasticsearch] [    Test worker] com.zaxxer.hikari.pool.HikariPool        : HikariPool-1 - Added connection conn0: url=jdbc:h2:mem:testdb user=SA
2025-12-10T12:57:00.714+09:00  INFO 12002 --- [spring-elasticsearch] [    Test worker] com.zaxxer.hikari.HikariDataSource       : HikariPool-1 - Start completed.
2025-12-10T12:57:00.741+09:00  INFO 12002 --- [spring-elasticsearch] [    Test worker] org.hibernate.orm.connections.pooling    : HHH10001005: Database info:
	Database JDBC URL [Connecting through datasource 'HikariDataSource (HikariPool-1)']
	Database driver: undefined/unknown
	Database version: 2.3.232
	Autocommit mode: undefined/unknown
	Isolation level: undefined/unknown
	Minimum pool size: undefined/unknown
	Maximum pool size: undefined/unknown
2025-12-10T12:57:01.057+09:00  INFO 12002 --- [spring-elasticsearch] [    Test worker] o.h.e.t.j.p.i.JtaPlatformInitiator       : HHH000489: No JTA platform available (set 'hibernate.transaction.jta.platform' to enable JTA platform integration)
Hibernate: 
    drop table if exists device_entity cascade 
Hibernate: 
    create table device_entity (
        id bigint generated by default as identity,
        content varchar(255),
        title varchar(255),
        primary key (id)
    )
2025-12-10T12:57:01.076+09:00  INFO 12002 --- [spring-elasticsearch] [    Test worker] j.LocalContainerEntityManagerFactoryBean : Initialized JPA EntityManagerFactory for persistence unit 'default'
2025-12-10T12:57:01.482+09:00  WARN 12002 --- [spring-elasticsearch] [    Test worker] JpaBaseConfiguration$JpaWebConfiguration : spring.jpa.open-in-view is enabled by default. Therefore, database queries may be performed during view rendering. Explicitly configure spring.jpa.open-in-view to disable this warning
2025-12-10T12:57:01.644+09:00  INFO 12002 --- [spring-elasticsearch] [    Test worker] o.s.b.a.h2.H2ConsoleAutoConfiguration    : H2 console available at '/h2-console'. Database available at 'jdbc:h2:mem:testdb'
2025-12-10T12:57:01.686+09:00  INFO 12002 --- [spring-elasticsearch] [    Test worker] .m.s.SpringElasticsearchApplicationTests : Started SpringElasticsearchApplicationTests in 1.912 seconds (process running for 2.43)
]]></system-out>
  <system-err><![CDATA[Mockito is currently self-attaching to enable the inline-mock-maker. This will no longer work in future releases of the JDK. Please add Mockito as an agent to your build as described in Mockito's documentation: https://javadoc.io/doc/org.mockito/mockito-core/latest/org.mockito/org/mockito/Mockito.html#0.3
WARNING: A Java agent has been loaded dynamically (/Users/nomadlab/.gradle/caches/modules-2/files-2.1/net.bytebuddy/byte-buddy-agent/1.17.8/f09415827a71be7ed621c7bd02550678f28bc81c/byte-buddy-agent-1.17.8.jar)
WARNING: If a serviceability tool is in use, please run with -XX:+EnableDynamicAgentLoading to hide this warning
WARNING: If a serviceability tool is not in use, please run with -Djdk.instrument.traceUsage for more information
WARNING: Dynamic loading of agents will be disallowed by default in a future release
]]></system-err>
</testsuite>
